# JRE version: OpenJDK Runtime Environment (8.0_242) (build 1.8.0_242-release-1644-b3-6222593)
# Java VM: OpenJDK 64-Bit Server VM (25.242-b3-6222593 mixed mode linux-amd64 compressed oops)
Heap:
 PSYoungGen      total 314368K, used 314343K [0x00000000d5580000, 0x00000000f1100000, 0x0000000100000000)
  eden space 266240K, 100% used [0x00000000d5580000,0x00000000e5980000,0x00000000e5980000)
  from space 48128K, 99% used [0x00000000e9f80000,0x00000000ece79d50,0x00000000ece80000)
  to   space 71680K, 18% used [0x00000000e5980000,0x00000000e66c0080,0x00000000e9f80000)
 ParOldGen       total 230912K, used 113337K [0x0000000080000000, 0x000000008e180000, 0x00000000d5580000)
  object space 230912K, 49% used [0x0000000080000000,0x0000000086eae608,0x000000008e180000)
 Metaspace       used 112154K, capacity 117718K, committed 117784K, reserved 1150976K
  class space    used 14578K, capacity 15639K, committed 15664K, reserved 1048576K
GC Heap History (10 events):
Event: 104.948 GC heap after
Heap after GC invocations=18 (full 3):
 PSYoungGen      total 266240K, used 32745K [0x00000000d5580000, 0x00000000ead80000, 0x0000000100000000)
  eden space 233472K, 0% used [0x00000000d5580000,0x00000000d5580000,0x00000000e3980000)
  from space 32768K, 99% used [0x00000000e3980000,0x00000000e597a6c0,0x00000000e5980000)
  to   space 42496K, 0% used [0x00000000e8400000,0x00000000e8400000,0x00000000ead80000)
 ParOldGen       total 146944K, used 54183K [0x0000000080000000, 0x0000000088f80000, 0x00000000d5580000)
  object space 146944K, 36% used [0x0000000080000000,0x00000000834e9ef8,0x0000000088f80000)
 Metaspace       used 93047K, capacity 97232K, committed 97432K, reserved 1134592K
  class space    used 12067K, capacity 12918K, committed 12976K, reserved 1048576K
}
Event: 108.159 GC heap before
{Heap before GC invocations=19 (full 3):
 PSYoungGen      total 266240K, used 166410K [0x00000000d5580000, 0x00000000ead80000, 0x0000000100000000)
  eden space 233472K, 57% used [0x00000000d5580000,0x00000000dd8084a8,0x00000000e3980000)
  from space 32768K, 99% used [0x00000000e3980000,0x00000000e597a6c0,0x00000000e5980000)
  to   space 42496K, 0% used [0x00000000e8400000,0x00000000e8400000,0x00000000ead80000)
 ParOldGen       total 146944K, used 54183K [0x0000000080000000, 0x0000000088f80000, 0x00000000d5580000)
  object space 146944K, 36% used [0x0000000080000000,0x00000000834e9ef8,0x0000000088f80000)
 Metaspace       used 94233K, capacity 98464K, committed 98584K, reserved 1134592K
  class space    used 12192K, capacity 13046K, committed 13104K, reserved 1048576K
Event: 108.205 GC heap after
Heap after GC invocations=19 (full 3):
 PSYoungGen      total 301568K, used 42493K [0x00000000d5580000, 0x00000000ec280000, 0x0000000100000000)
  eden space 259072K, 0% used [0x00000000d5580000,0x00000000d5580000,0x00000000e5280000)
  from space 42496K, 99% used [0x00000000e8400000,0x00000000ead7f428,0x00000000ead80000)
  to   space 50688K, 0% used [0x00000000e5280000,0x00000000e5280000,0x00000000e8400000)
 ParOldGen       total 146944K, used 57916K [0x0000000080000000, 0x0000000088f80000, 0x00000000d5580000)
  object space 146944K, 39% used [0x0000000080000000,0x000000008388f2b8,0x0000000088f80000)
 Metaspace       used 94233K, capacity 98464K, committed 98584K, reserved 1134592K
  class space    used 12192K, capacity 13046K, committed 13104K, reserved 1048576K
}
Event: 108.205 GC heap before
{Heap before GC invocations=20 (full 4):
 PSYoungGen      total 301568K, used 42493K [0x00000000d5580000, 0x00000000ec280000, 0x0000000100000000)
  eden space 259072K, 0% used [0x00000000d5580000,0x00000000d5580000,0x00000000e5280000)
  from space 42496K, 99% used [0x00000000e8400000,0x00000000ead7f428,0x00000000ead80000)
  to   space 50688K, 0% used [0x00000000e5280000,0x00000000e5280000,0x00000000e8400000)
 ParOldGen       total 146944K, used 57916K [0x0000000080000000, 0x0000000088f80000, 0x00000000d5580000)
  object space 146944K, 39% used [0x0000000080000000,0x000000008388f2b8,0x0000000088f80000)
 Metaspace       used 94233K, capacity 98464K, committed 98584K, reserved 1134592K
  class space    used 12192K, capacity 13046K, committed 13104K, reserved 1048576K
Event: 108.462 GC heap after
Heap after GC invocations=20 (full 4):
 PSYoungGen      total 301568K, used 0K [0x00000000d5580000, 0x00000000ec280000, 0x0000000100000000)
  eden space 259072K, 0% used [0x00000000d5580000,0x00000000d5580000,0x00000000e5280000)
  from space 42496K, 0% used [0x00000000e8400000,0x00000000e8400000,0x00000000ead80000)
  to   space 50688K, 0% used [0x00000000e5280000,0x00000000e5280000,0x00000000e8400000)
 ParOldGen       total 230912K, used 69644K [0x0000000080000000, 0x000000008e180000, 0x00000000d5580000)
  object space 230912K, 30% used [0x0000000080000000,0x0000000084403120,0x000000008e180000)
 Metaspace       used 94208K, capacity 98388K, committed 98584K, reserved 1134592K
  class space    used 12184K, capacity 13032K, committed 13104K, reserved 1048576K
}
Event: 117.874 GC heap before
{Heap before GC invocations=21 (full 4):
 PSYoungGen      total 301568K, used 259072K [0x00000000d5580000, 0x00000000ec280000, 0x0000000100000000)
  eden space 259072K, 100% used [0x00000000d5580000,0x00000000e5280000,0x00000000e5280000)
  from space 42496K, 0% used [0x00000000e8400000,0x00000000e8400000,0x00000000ead80000)
  to   space 50688K, 0% used [0x00000000e5280000,0x00000000e5280000,0x00000000e8400000)
 ParOldGen       total 230912K, used 69644K [0x0000000080000000, 0x000000008e180000, 0x00000000d5580000)
  object space 230912K, 30% used [0x0000000080000000,0x0000000084403120,0x000000008e180000)
 Metaspace       used 103500K, capacity 108060K, committed 108184K, reserved 1142784K
  class space    used 13339K, capacity 14212K, committed 14256K, reserved 1048576K
Event: 117.911 GC heap after
Heap after GC invocations=21 (full 4):
 PSYoungGen      total 309760K, used 21947K [0x00000000d5580000, 0x00000000ece80000, 0x0000000100000000)
  eden space 259072K, 0% used [0x00000000d5580000,0x00000000d5580000,0x00000000e5280000)
  from space 50688K, 43% used [0x00000000e5280000,0x00000000e67eec90,0x00000000e8400000)
  to   space 48128K, 0% used [0x00000000e9f80000,0x00000000e9f80000,0x00000000ece80000)
 ParOldGen       total 230912K, used 69660K [0x0000000080000000, 0x000000008e180000, 0x00000000d5580000)
  object space 230912K, 30% used [0x0000000080000000,0x0000000084407120,0x000000008e180000)
 Metaspace       used 103500K, capacity 108060K, committed 108184K, reserved 1142784K
  class space    used 13339K, capacity 14212K, committed 14256K, reserved 1048576K
}
Event: 120.913 GC heap before
{Heap before GC invocations=22 (full 4):
 PSYoungGen      total 309760K, used 281019K [0x00000000d5580000, 0x00000000ece80000, 0x0000000100000000)
  eden space 259072K, 100% used [0x00000000d5580000,0x00000000e5280000,0x00000000e5280000)
  from space 50688K, 43% used [0x00000000e5280000,0x00000000e67eec90,0x00000000e8400000)
  to   space 48128K, 0% used [0x00000000e9f80000,0x00000000e9f80000,0x00000000ece80000)
 ParOldGen       total 230912K, used 69660K [0x0000000080000000, 0x000000008e180000, 0x00000000d5580000)
  object space 230912K, 30% used [0x0000000080000000,0x0000000084407120,0x000000008e180000)
 Metaspace       used 111401K, capacity 116968K, committed 117272K, reserved 1150976K
  class space    used 14554K, capacity 15596K, committed 15664K, reserved 1048576K
Event: 121.074 GC heap after
Heap after GC invocations=22 (full 4):
 PSYoungGen      total 314368K, used 48103K [0x00000000d5580000, 0x00000000f1100000, 0x0000000100000000)
  eden space 266240K, 0% used [0x00000000d5580000,0x00000000d5580000,0x00000000e5980000)
  from space 48128K, 99% used [0x00000000e9f80000,0x00000000ece79d50,0x00000000ece80000)
  to   space 71680K, 0% used [0x00000000e5980000,0x00000000e5980000,0x00000000e9f80000)
 ParOldGen       total 230912K, used 113337K [0x0000000080000000, 0x000000008e180000, 0x00000000d5580000)
  object space 230912K, 49% used [0x0000000080000000,0x0000000086eae608,0x000000008e180000)
 Metaspace       used 111401K, capacity 116968K, committed 117272K, reserved 1150976K
  class space    used 14554K, capacity 15596K, committed 15664K, reserved 1048576K
}
Event: 123.865 GC heap before
{Heap before GC invocations=23 (full 4):
 PSYoungGen      total 314368K, used 314343K [0x00000000d5580000, 0x00000000f1100000, 0x0000000100000000)
  eden space 266240K, 100% used [0x00000000d5580000,0x00000000e5980000,0x00000000e5980000)
  from space 48128K, 99% used [0x00000000e9f80000,0x00000000ece79d50,0x00000000ece80000)
  to   space 71680K, 0% used [0x00000000e5980000,0x00000000e5980000,0x00000000e9f80000)
 ParOldGen       total 230912K, used 113337K [0x0000000080000000, 0x000000008e180000, 0x00000000d5580000)
  object space 230912K, 49% used [0x0000000080000000,0x0000000086eae608,0x000000008e180000)
 Metaspace       used 112154K, capacity 117718K, committed 117784K, reserved 1150976K
  class space    used 14578K, capacity 15639K, committed 15664K, reserved 1048576K

